<?xml version="1.0" encoding="UTF-8"?>
<!-- Generated by org.testng.reporters.JUnitXMLReporter -->
<testsuite ignored="0" hostname="Joms-Air.station" failures="0" tests="2" name="TestInFirefox" time="9.465" errors="0" timestamp="2023-09-13T18:40:22 IST">
  <testcase classname="tests.LoginTest" name="testLogin" time="0.001">
    <skipped/>
  </testcase> <!-- testLogin -->
  <testcase classname="tests.LoginTest" name="testLogin" time="0.004">
    <skipped/>
  </testcase> <!-- testLogin -->
</testsuite> <!-- TestInFirefox -->
