<?xml version="1.0" encoding="UTF-8"?>
<testng-results ignored="0" total="1" passed="1" failed="0" skipped="0">
  <reporter-output>
  </reporter-output>
  <suite started-at="2023-10-15T13:02:53 IST" name="Suite" finished-at="2023-10-15T13:03:10 IST" duration-ms="16869">
    <groups>
    </groups>
    <test started-at="2023-10-15T13:02:53 IST" name="Test" finished-at="2023-10-15T13:03:10 IST" duration-ms="16869">
      <class name="tests.MultipleWindowsTest">
        <test-method is-config="true" signature="setup()[pri:0, instance:tests.MultipleWindowsTest@3e27ba32]" started-at="2023-10-15T13:02:53 IST" name="setup" finished-at="2023-10-15T13:03:05 IST" duration-ms="12055" status="PASS">
          <reporter-output>
          </reporter-output>
        </test-method> <!-- setup -->
        <test-method is-config="true" signature="setupMultipleWindows()[pri:0, instance:tests.MultipleWindowsTest@3e27ba32]" started-at="2023-10-15T13:03:05 IST" name="setupMultipleWindows" finished-at="2023-10-15T13:03:09 IST" duration-ms="3986" status="PASS">
          <reporter-output>
          </reporter-output>
        </test-method> <!-- setupMultipleWindows -->
        <test-method signature="testMultipleWindows()[pri:0, instance:tests.MultipleWindowsTest@3e27ba32]" started-at="2023-10-15T13:03:09 IST" name="testMultipleWindows" finished-at="2023-10-15T13:03:10 IST" duration-ms="593" status="PASS">
          <reporter-output>
          </reporter-output>
        </test-method> <!-- testMultipleWindows -->
        <test-method is-config="true" signature="tearDown()[pri:0, instance:tests.MultipleWindowsTest@3e27ba32]" started-at="2023-10-15T13:03:10 IST" name="tearDown" finished-at="2023-10-15T13:03:10 IST" duration-ms="165" status="PASS">
          <reporter-output>
          </reporter-output>
        </test-method> <!-- tearDown -->
      </class> <!-- tests.MultipleWindowsTest -->
    </test> <!-- Test -->
  </suite> <!-- Suite -->
</testng-results>
