<?xml version="1.0" encoding="UTF-8"?>
<testng-results ignored="0" total="1" passed="1" failed="0" skipped="0">
  <reporter-output>
  </reporter-output>
  <suite started-at="2023-08-20T11:50:00 IST" name="Suite" finished-at="2023-08-20T11:50:19 IST" duration-ms="18529">
    <groups>
    </groups>
    <test started-at="2023-08-20T11:50:00 IST" name="Test" finished-at="2023-08-20T11:50:19 IST" duration-ms="18529">
      <class name="tests.LoginTest">
        <test-method is-config="true" signature="setup()[pri:0, instance:tests.LoginTest@17f62e33]" started-at="2023-08-20T11:50:02 IST" name="setup" finished-at="2023-08-20T11:50:14 IST" duration-ms="11684" status="PASS">
          <reporter-output>
          </reporter-output>
        </test-method> <!-- setup -->
        <test-method signature="testLogin(java.lang.String,java.lang.String)[pri:0, instance:tests.LoginTest@17f62e33]" started-at="2023-08-20T11:50:14 IST" name="testLogin" data-provider="loginData" finished-at="2023-08-20T11:50:18 IST" duration-ms="4944" status="PASS">
          <params>
            <param index="0">
              <value>
                <![CDATA[tomsmith]]>
              </value>
            </param>
            <param index="1">
              <value>
                <![CDATA[SuperSecretPassword!]]>
              </value>
            </param>
          </params>
          <reporter-output>
          </reporter-output>
        </test-method> <!-- testLogin -->
        <test-method is-config="true" signature="tearDown()[pri:0, instance:tests.LoginTest@17f62e33]" started-at="2023-08-20T11:50:18 IST" name="tearDown" finished-at="2023-08-20T11:50:19 IST" duration-ms="151" status="PASS">
          <reporter-output>
          </reporter-output>
        </test-method> <!-- tearDown -->
      </class> <!-- tests.LoginTest -->
    </test> <!-- Test -->
  </suite> <!-- Suite -->
</testng-results>
